  C:freeglut.dll
  C:glew32.dll
  C:glew32s.dll
  3 File(s) copied
  C:glfw3.dll
  C:glfw3dll.dll
  C:glfw3_mt.dll
  3 File(s) copied
  C:SOIL.dll
  1 File(s) copied
  Background.cpp
C:\Users\dumit\repos\opengl-2d-animation\Background.h(10,16): warning C4305: 'initializing': truncation from 'double' to 'float'
  (compiling source file 'Background.cpp')
  
C:\Users\dumit\repos\opengl-2d-animation\Background.h(30,3): warning C4305: 'initializing': truncation from 'double' to 'float'
  (compiling source file 'Background.cpp')
  
C:\Users\dumit\repos\opengl-2d-animation\Background.h(30,8): warning C4305: 'initializing': truncation from 'double' to 'float'
  (compiling source file 'Background.cpp')
  
C:\Users\dumit\repos\opengl-2d-animation\Background.h(30,13): warning C4305: 'initializing': truncation from 'double' to 'float'
  (compiling source file 'Background.cpp')
  
C:\Users\dumit\repos\opengl-2d-animation\Background.h(31,3): warning C4305: 'initializing': truncation from 'double' to 'float'
  (compiling source file 'Background.cpp')
  
C:\Users\dumit\repos\opengl-2d-animation\Background.h(31,8): warning C4305: 'initializing': truncation from 'double' to 'float'
  (compiling source file 'Background.cpp')
  
C:\Users\dumit\repos\opengl-2d-animation\Background.h(31,13): warning C4305: 'initializing': truncation from 'double' to 'float'
  (compiling source file 'Background.cpp')
  
C:\Users\dumit\repos\opengl-2d-animation\Background.h(32,3): warning C4305: 'initializing': truncation from 'double' to 'float'
  (compiling source file 'Background.cpp')
  
C:\Users\dumit\repos\opengl-2d-animation\Background.h(32,8): warning C4305: 'initializing': truncation from 'double' to 'float'
  (compiling source file 'Background.cpp')
  
C:\Users\dumit\repos\opengl-2d-animation\Background.h(32,13): warning C4305: 'initializing': truncation from 'double' to 'float'
  (compiling source file 'Background.cpp')
  
C:\Users\dumit\repos\opengl-2d-animation\Background.h(33,3): warning C4305: 'initializing': truncation from 'double' to 'float'
  (compiling source file 'Background.cpp')
  
C:\Users\dumit\repos\opengl-2d-animation\Background.h(33,8): warning C4305: 'initializing': truncation from 'double' to 'float'
  (compiling source file 'Background.cpp')
  
C:\Users\dumit\repos\opengl-2d-animation\Background.h(33,13): warning C4305: 'initializing': truncation from 'double' to 'float'
  (compiling source file 'Background.cpp')
  
C:\Users\dumit\repos\opengl-2d-animation\Background.h(34,3): warning C4305: 'initializing': truncation from 'double' to 'float'
  (compiling source file 'Background.cpp')
  
C:\Users\dumit\repos\opengl-2d-animation\Background.h(34,8): warning C4305: 'initializing': truncation from 'double' to 'float'
  (compiling source file 'Background.cpp')
  
C:\Users\dumit\repos\opengl-2d-animation\Background.h(34,13): warning C4305: 'initializing': truncation from 'double' to 'float'
  (compiling source file 'Background.cpp')
  
C:\Users\dumit\repos\opengl-2d-animation\Background.h(35,3): warning C4305: 'initializing': truncation from 'double' to 'float'
  (compiling source file 'Background.cpp')
  
C:\Users\dumit\repos\opengl-2d-animation\Background.h(35,8): warning C4305: 'initializing': truncation from 'double' to 'float'
  (compiling source file 'Background.cpp')
  
C:\Users\dumit\repos\opengl-2d-animation\Background.h(35,13): warning C4305: 'initializing': truncation from 'double' to 'float'
  (compiling source file 'Background.cpp')
  
C:\Users\dumit\repos\opengl-2d-animation\Background.h(36,3): warning C4305: 'initializing': truncation from 'double' to 'float'
  (compiling source file 'Background.cpp')
  
C:\Users\dumit\repos\opengl-2d-animation\Background.h(36,8): warning C4305: 'initializing': truncation from 'double' to 'float'
  (compiling source file 'Background.cpp')
  
C:\Users\dumit\repos\opengl-2d-animation\Background.h(36,13): warning C4305: 'initializing': truncation from 'double' to 'float'
  (compiling source file 'Background.cpp')
  
C:\Users\dumit\repos\opengl-2d-animation\Background.h(37,3): warning C4305: 'initializing': truncation from 'double' to 'float'
  (compiling source file 'Background.cpp')
  
C:\Users\dumit\repos\opengl-2d-animation\Background.h(37,8): warning C4305: 'initializing': truncation from 'double' to 'float'
  (compiling source file 'Background.cpp')
  
C:\Users\dumit\repos\opengl-2d-animation\Background.h(37,13): warning C4305: 'initializing': truncation from 'double' to 'float'
  (compiling source file 'Background.cpp')
  
C:\Users\dumit\repos\opengl-2d-animation\Background.h(38,3): warning C4305: 'initializing': truncation from 'double' to 'float'
  (compiling source file 'Background.cpp')
  
C:\Users\dumit\repos\opengl-2d-animation\Background.h(38,8): warning C4305: 'initializing': truncation from 'double' to 'float'
  (compiling source file 'Background.cpp')
  
C:\Users\dumit\repos\opengl-2d-animation\Background.h(38,13): warning C4305: 'initializing': truncation from 'double' to 'float'
  (compiling source file 'Background.cpp')
  
C:\Users\dumit\repos\opengl-2d-animation\Background.h(39,3): warning C4305: 'initializing': truncation from 'double' to 'float'
  (compiling source file 'Background.cpp')
  
C:\Users\dumit\repos\opengl-2d-animation\Background.h(39,8): warning C4305: 'initializing': truncation from 'double' to 'float'
  (compiling source file 'Background.cpp')
  
C:\Users\dumit\repos\opengl-2d-animation\Background.h(39,13): warning C4305: 'initializing': truncation from 'double' to 'float'
  (compiling source file 'Background.cpp')
  
C:\Users\dumit\repos\opengl-2d-animation\Background.h(40,3): warning C4305: 'initializing': truncation from 'double' to 'float'
  (compiling source file 'Background.cpp')
  
C:\Users\dumit\repos\opengl-2d-animation\Background.h(40,8): warning C4305: 'initializing': truncation from 'double' to 'float'
  (compiling source file 'Background.cpp')
  
C:\Users\dumit\repos\opengl-2d-animation\Background.h(40,13): warning C4305: 'initializing': truncation from 'double' to 'float'
  (compiling source file 'Background.cpp')
  
C:\Users\dumit\repos\opengl-2d-animation\Background.h(41,3): warning C4305: 'initializing': truncation from 'double' to 'float'
  (compiling source file 'Background.cpp')
  
C:\Users\dumit\repos\opengl-2d-animation\Background.h(41,8): warning C4305: 'initializing': truncation from 'double' to 'float'
  (compiling source file 'Background.cpp')
  
C:\Users\dumit\repos\opengl-2d-animation\Background.h(41,13): warning C4305: 'initializing': truncation from 'double' to 'float'
  (compiling source file 'Background.cpp')
  
  main.cpp
C:\Users\dumit\repos\opengl-2d-animation\Background.h(10,16): warning C4305: 'initializing': truncation from 'double' to 'float'
  (compiling source file 'main.cpp')
  
C:\Users\dumit\repos\opengl-2d-animation\Background.h(30,3): warning C4305: 'initializing': truncation from 'double' to 'float'
  (compiling source file 'main.cpp')
  
C:\Users\dumit\repos\opengl-2d-animation\Background.h(30,8): warning C4305: 'initializing': truncation from 'double' to 'float'
  (compiling source file 'main.cpp')
  
C:\Users\dumit\repos\opengl-2d-animation\Background.h(30,13): warning C4305: 'initializing': truncation from 'double' to 'float'
  (compiling source file 'main.cpp')
  
C:\Users\dumit\repos\opengl-2d-animation\Background.h(31,3): warning C4305: 'initializing': truncation from 'double' to 'float'
  (compiling source file 'main.cpp')
  
C:\Users\dumit\repos\opengl-2d-animation\Background.h(31,8): warning C4305: 'initializing': truncation from 'double' to 'float'
  (compiling source file 'main.cpp')
  
C:\Users\dumit\repos\opengl-2d-animation\Background.h(31,13): warning C4305: 'initializing': truncation from 'double' to 'float'
  (compiling source file 'main.cpp')
  
C:\Users\dumit\repos\opengl-2d-animation\Background.h(32,3): warning C4305: 'initializing': truncation from 'double' to 'float'
  (compiling source file 'main.cpp')
  
C:\Users\dumit\repos\opengl-2d-animation\Background.h(32,8): warning C4305: 'initializing': truncation from 'double' to 'float'
  (compiling source file 'main.cpp')
  
C:\Users\dumit\repos\opengl-2d-animation\Background.h(32,13): warning C4305: 'initializing': truncation from 'double' to 'float'
  (compiling source file 'main.cpp')
  
C:\Users\dumit\repos\opengl-2d-animation\Background.h(33,3): warning C4305: 'initializing': truncation from 'double' to 'float'
  (compiling source file 'main.cpp')
  
C:\Users\dumit\repos\opengl-2d-animation\Background.h(33,8): warning C4305: 'initializing': truncation from 'double' to 'float'
  (compiling source file 'main.cpp')
  
C:\Users\dumit\repos\opengl-2d-animation\Background.h(33,13): warning C4305: 'initializing': truncation from 'double' to 'float'
  (compiling source file 'main.cpp')
  
C:\Users\dumit\repos\opengl-2d-animation\Background.h(34,3): warning C4305: 'initializing': truncation from 'double' to 'float'
  (compiling source file 'main.cpp')
  
C:\Users\dumit\repos\opengl-2d-animation\Background.h(34,8): warning C4305: 'initializing': truncation from 'double' to 'float'
  (compiling source file 'main.cpp')
  
C:\Users\dumit\repos\opengl-2d-animation\Background.h(34,13): warning C4305: 'initializing': truncation from 'double' to 'float'
  (compiling source file 'main.cpp')
  
C:\Users\dumit\repos\opengl-2d-animation\Background.h(35,3): warning C4305: 'initializing': truncation from 'double' to 'float'
  (compiling source file 'main.cpp')
  
C:\Users\dumit\repos\opengl-2d-animation\Background.h(35,8): warning C4305: 'initializing': truncation from 'double' to 'float'
  (compiling source file 'main.cpp')
  
C:\Users\dumit\repos\opengl-2d-animation\Background.h(35,13): warning C4305: 'initializing': truncation from 'double' to 'float'
  (compiling source file 'main.cpp')
  
C:\Users\dumit\repos\opengl-2d-animation\Background.h(36,3): warning C4305: 'initializing': truncation from 'double' to 'float'
  (compiling source file 'main.cpp')
  
C:\Users\dumit\repos\opengl-2d-animation\Background.h(36,8): warning C4305: 'initializing': truncation from 'double' to 'float'
  (compiling source file 'main.cpp')
  
C:\Users\dumit\repos\opengl-2d-animation\Background.h(36,13): warning C4305: 'initializing': truncation from 'double' to 'float'
  (compiling source file 'main.cpp')
  
C:\Users\dumit\repos\opengl-2d-animation\Background.h(37,3): warning C4305: 'initializing': truncation from 'double' to 'float'
  (compiling source file 'main.cpp')
  
C:\Users\dumit\repos\opengl-2d-animation\Background.h(37,8): warning C4305: 'initializing': truncation from 'double' to 'float'
  (compiling source file 'main.cpp')
  
C:\Users\dumit\repos\opengl-2d-animation\Background.h(37,13): warning C4305: 'initializing': truncation from 'double' to 'float'
  (compiling source file 'main.cpp')
  
C:\Users\dumit\repos\opengl-2d-animation\Background.h(38,3): warning C4305: 'initializing': truncation from 'double' to 'float'
  (compiling source file 'main.cpp')
  
C:\Users\dumit\repos\opengl-2d-animation\Background.h(38,8): warning C4305: 'initializing': truncation from 'double' to 'float'
  (compiling source file 'main.cpp')
  
C:\Users\dumit\repos\opengl-2d-animation\Background.h(38,13): warning C4305: 'initializing': truncation from 'double' to 'float'
  (compiling source file 'main.cpp')
  
C:\Users\dumit\repos\opengl-2d-animation\Background.h(39,3): warning C4305: 'initializing': truncation from 'double' to 'float'
  (compiling source file 'main.cpp')
  
C:\Users\dumit\repos\opengl-2d-animation\Background.h(39,8): warning C4305: 'initializing': truncation from 'double' to 'float'
  (compiling source file 'main.cpp')
  
C:\Users\dumit\repos\opengl-2d-animation\Background.h(39,13): warning C4305: 'initializing': truncation from 'double' to 'float'
  (compiling source file 'main.cpp')
  
C:\Users\dumit\repos\opengl-2d-animation\Background.h(40,3): warning C4305: 'initializing': truncation from 'double' to 'float'
  (compiling source file 'main.cpp')
  
C:\Users\dumit\repos\opengl-2d-animation\Background.h(40,8): warning C4305: 'initializing': truncation from 'double' to 'float'
  (compiling source file 'main.cpp')
  
C:\Users\dumit\repos\opengl-2d-animation\Background.h(40,13): warning C4305: 'initializing': truncation from 'double' to 'float'
  (compiling source file 'main.cpp')
  
C:\Users\dumit\repos\opengl-2d-animation\Background.h(41,3): warning C4305: 'initializing': truncation from 'double' to 'float'
  (compiling source file 'main.cpp')
  
C:\Users\dumit\repos\opengl-2d-animation\Background.h(41,8): warning C4305: 'initializing': truncation from 'double' to 'float'
  (compiling source file 'main.cpp')
  
C:\Users\dumit\repos\opengl-2d-animation\Background.h(41,13): warning C4305: 'initializing': truncation from 'double' to 'float'
  (compiling source file 'main.cpp')
  
  Generating Code...
  opengl-2d-animation.vcxproj -> C:\Users\dumit\repos\opengl-2d-animation\x64\Debug\opengl-2d-animation.exe
  0 File(s) copied
  0 File(s) copied
  0 File(s) copied
